<dataset>
  <xml_table id="21" data='&lt;result attr="aaa"/&gt;'/>
</dataset>